2021-06-25 19:26:49.797  WARN 3235 --- [restartedMain] JpaBaseConfiguration$JpaWebConfiguration : spring.jpa.open-in-view is enabled by default. Therefore, database queries may be performed during view rendering. Explicitly configure spring.jpa.open-in-view to disable this warning
2021-06-25 19:27:55.409  WARN 3235 --- [restartedMain] JpaBaseConfiguration$JpaWebConfiguration : spring.jpa.open-in-view is enabled by default. Therefore, database queries may be performed during view rendering. Explicitly configure spring.jpa.open-in-view to disable this warning
2021-06-25 19:28:32.561  WARN 4272 --- [restartedMain] JpaBaseConfiguration$JpaWebConfiguration : spring.jpa.open-in-view is enabled by default. Therefore, database queries may be performed during view rendering. Explicitly configure spring.jpa.open-in-view to disable this warning
2021-06-25 19:31:51.518  WARN 4272 --- [restartedMain] JpaBaseConfiguration$JpaWebConfiguration : spring.jpa.open-in-view is enabled by default. Therefore, database queries may be performed during view rendering. Explicitly configure spring.jpa.open-in-view to disable this warning
2021-06-25 19:31:59.985  WARN 4272 --- [restartedMain] JpaBaseConfiguration$JpaWebConfiguration : spring.jpa.open-in-view is enabled by default. Therefore, database queries may be performed during view rendering. Explicitly configure spring.jpa.open-in-view to disable this warning
2021-06-25 19:33:12.313  WARN 4272 --- [restartedMain] JpaBaseConfiguration$JpaWebConfiguration : spring.jpa.open-in-view is enabled by default. Therefore, database queries may be performed during view rendering. Explicitly configure spring.jpa.open-in-view to disable this warning
2021-06-25 19:34:37.875  WARN 4272 --- [restartedMain] JpaBaseConfiguration$JpaWebConfiguration : spring.jpa.open-in-view is enabled by default. Therefore, database queries may be performed during view rendering. Explicitly configure spring.jpa.open-in-view to disable this warning
2021-06-25 19:34:40.284  INFO 4272 --- [restartedMain] com.example.AddressBookApplication       : Starting AddressBookApplication using Java 11.0.9 on Anikeshs-MacBook-Air.local with PID 4272 (/Users/anikesh/Documents/workspace-spring-tool-suite-4-4.10.0.RELEASE/AddressBook/bin/main started by anikesh in /Users/anikesh/Documents/workspace-spring-tool-suite-4-4.10.0.RELEASE/AddressBook)
2021-06-25 19:34:40.285 DEBUG 4272 --- [restartedMain] com.example.AddressBookApplication       : Running with Spring Boot v2.5.1, Spring v5.3.8
2021-06-25 19:34:40.286  INFO 4272 --- [restartedMain] com.example.AddressBookApplication       : No active profile set, falling back to default profiles: default
2021-06-25 19:34:42.057  WARN 4272 --- [restartedMain] JpaBaseConfiguration$JpaWebConfiguration : spring.jpa.open-in-view is enabled by default. Therefore, database queries may be performed during view rendering. Explicitly configure spring.jpa.open-in-view to disable this warning
2021-06-25 19:34:42.670  INFO 4272 --- [restartedMain] com.example.AddressBookApplication       : Started AddressBookApplication in 2.457 seconds (JVM running for 386.094)
2021-06-25 19:34:42.682  INFO 4272 --- [restartedMain] com.example.AddressBookApplication       : AddressBook Application is Starting
2021-06-25 19:38:24.309  INFO 4272 --- [restartedMain] com.example.AddressBookApplication       : Starting AddressBookApplication using Java 11.0.9 on Anikeshs-MacBook-Air.local with PID 4272 (/Users/anikesh/Documents/workspace-spring-tool-suite-4-4.10.0.RELEASE/AddressBook/bin/main started by anikesh in /Users/anikesh/Documents/workspace-spring-tool-suite-4-4.10.0.RELEASE/AddressBook)
2021-06-25 19:38:24.311 DEBUG 4272 --- [restartedMain] com.example.AddressBookApplication       : Running with Spring Boot v2.5.1, Spring v5.3.8
2021-06-25 19:38:24.311  INFO 4272 --- [restartedMain] com.example.AddressBookApplication       : No active profile set, falling back to default profiles: default
2021-06-25 19:38:25.036  WARN 4272 --- [restartedMain] JpaBaseConfiguration$JpaWebConfiguration : spring.jpa.open-in-view is enabled by default. Therefore, database queries may be performed during view rendering. Explicitly configure spring.jpa.open-in-view to disable this warning
2021-06-25 19:38:25.353  INFO 4272 --- [restartedMain] com.example.AddressBookApplication       : Started AddressBookApplication in 1.274 seconds (JVM running for 608.777)
2021-06-25 19:38:25.357  INFO 4272 --- [restartedMain] com.example.AddressBookApplication       : AddressBook Application is Starting
2021-06-25 19:39:00.696  INFO 4272 --- [restartedMain] com.example.AddressBookApplication       : Starting AddressBookApplication using Java 11.0.9 on Anikeshs-MacBook-Air.local with PID 4272 (/Users/anikesh/Documents/workspace-spring-tool-suite-4-4.10.0.RELEASE/AddressBook/bin/main started by anikesh in /Users/anikesh/Documents/workspace-spring-tool-suite-4-4.10.0.RELEASE/AddressBook)
2021-06-25 19:39:00.696 DEBUG 4272 --- [restartedMain] com.example.AddressBookApplication       : Running with Spring Boot v2.5.1, Spring v5.3.8
2021-06-25 19:39:00.697  INFO 4272 --- [restartedMain] com.example.AddressBookApplication       : No active profile set, falling back to default profiles: default
2021-06-25 19:39:01.405  WARN 4272 --- [restartedMain] JpaBaseConfiguration$JpaWebConfiguration : spring.jpa.open-in-view is enabled by default. Therefore, database queries may be performed during view rendering. Explicitly configure spring.jpa.open-in-view to disable this warning
2021-06-25 19:39:01.546  INFO 4272 --- [restartedMain] com.example.AddressBookApplication       : Started AddressBookApplication in 0.893 seconds (JVM running for 644.97)
2021-06-25 19:39:01.548  INFO 4272 --- [restartedMain] com.example.AddressBookApplication       : AddressBook Application is Starting
2021-06-25 19:39:41.430  INFO 4272 --- [restartedMain] com.example.AddressBookApplication       : Starting AddressBookApplication using Java 11.0.9 on Anikeshs-MacBook-Air.local with PID 4272 (/Users/anikesh/Documents/workspace-spring-tool-suite-4-4.10.0.RELEASE/AddressBook/bin/main started by anikesh in /Users/anikesh/Documents/workspace-spring-tool-suite-4-4.10.0.RELEASE/AddressBook)
2021-06-25 19:39:41.430 DEBUG 4272 --- [restartedMain] com.example.AddressBookApplication       : Running with Spring Boot v2.5.1, Spring v5.3.8
2021-06-25 19:39:41.430  INFO 4272 --- [restartedMain] com.example.AddressBookApplication       : No active profile set, falling back to default profiles: default
2021-06-25 19:39:42.134  WARN 4272 --- [restartedMain] JpaBaseConfiguration$JpaWebConfiguration : spring.jpa.open-in-view is enabled by default. Therefore, database queries may be performed during view rendering. Explicitly configure spring.jpa.open-in-view to disable this warning
2021-06-25 19:39:42.359  INFO 4272 --- [restartedMain] com.example.AddressBookApplication       : Started AddressBookApplication in 0.962 seconds (JVM running for 685.784)
2021-06-25 19:39:42.364  INFO 4272 --- [restartedMain] com.example.AddressBookApplication       : AddressBook Application is Starting
2021-06-25 19:40:30.578  INFO 4272 --- [restartedMain] com.example.AddressBookApplication       : Starting AddressBookApplication using Java 11.0.9 on Anikeshs-MacBook-Air.local with PID 4272 (/Users/anikesh/Documents/workspace-spring-tool-suite-4-4.10.0.RELEASE/AddressBook/bin/main started by anikesh in /Users/anikesh/Documents/workspace-spring-tool-suite-4-4.10.0.RELEASE/AddressBook)
2021-06-25 19:40:30.578 DEBUG 4272 --- [restartedMain] com.example.AddressBookApplication       : Running with Spring Boot v2.5.1, Spring v5.3.8
2021-06-25 19:40:30.579  INFO 4272 --- [restartedMain] com.example.AddressBookApplication       : No active profile set, falling back to default profiles: default
2021-06-25 19:40:31.276  WARN 4272 --- [restartedMain] JpaBaseConfiguration$JpaWebConfiguration : spring.jpa.open-in-view is enabled by default. Therefore, database queries may be performed during view rendering. Explicitly configure spring.jpa.open-in-view to disable this warning
2021-06-25 19:40:31.408  INFO 4272 --- [restartedMain] com.example.AddressBookApplication       : Started AddressBookApplication in 1.042 seconds (JVM running for 734.833)
2021-06-25 19:40:31.410  INFO 4272 --- [restartedMain] com.example.AddressBookApplication       : AddressBook Application is Starting
2021-06-25 19:43:12.581  INFO 4272 --- [restartedMain] com.example.AddressBookApplication       : Starting AddressBookApplication using Java 11.0.9 on Anikeshs-MacBook-Air.local with PID 4272 (/Users/anikesh/Documents/workspace-spring-tool-suite-4-4.10.0.RELEASE/AddressBook/bin/main started by anikesh in /Users/anikesh/Documents/workspace-spring-tool-suite-4-4.10.0.RELEASE/AddressBook)
2021-06-25 19:43:12.582 DEBUG 4272 --- [restartedMain] com.example.AddressBookApplication       : Running with Spring Boot v2.5.1, Spring v5.3.8
2021-06-25 19:43:12.583  INFO 4272 --- [restartedMain] com.example.AddressBookApplication       : No active profile set, falling back to default profiles: default
2021-06-25 19:43:13.403  WARN 4272 --- [restartedMain] JpaBaseConfiguration$JpaWebConfiguration : spring.jpa.open-in-view is enabled by default. Therefore, database queries may be performed during view rendering. Explicitly configure spring.jpa.open-in-view to disable this warning
2021-06-25 19:43:13.671  INFO 4272 --- [restartedMain] com.example.AddressBookApplication       : Started AddressBookApplication in 1.299 seconds (JVM running for 897.097)
2021-06-25 19:43:13.675  INFO 4272 --- [restartedMain] com.example.AddressBookApplication       : AddressBook Application is Starting
2021-06-25 19:43:43.584  INFO 4272 --- [restartedMain] com.example.AddressBookApplication       : Starting AddressBookApplication using Java 11.0.9 on Anikeshs-MacBook-Air.local with PID 4272 (/Users/anikesh/Documents/workspace-spring-tool-suite-4-4.10.0.RELEASE/AddressBook/bin/main started by anikesh in /Users/anikesh/Documents/workspace-spring-tool-suite-4-4.10.0.RELEASE/AddressBook)
2021-06-25 19:43:43.585 DEBUG 4272 --- [restartedMain] com.example.AddressBookApplication       : Running with Spring Boot v2.5.1, Spring v5.3.8
2021-06-25 19:43:43.585  INFO 4272 --- [restartedMain] com.example.AddressBookApplication       : No active profile set, falling back to default profiles: default
2021-06-25 19:43:44.321  WARN 4272 --- [restartedMain] JpaBaseConfiguration$JpaWebConfiguration : spring.jpa.open-in-view is enabled by default. Therefore, database queries may be performed during view rendering. Explicitly configure spring.jpa.open-in-view to disable this warning
2021-06-25 19:43:44.510  INFO 4272 --- [restartedMain] com.example.AddressBookApplication       : Started AddressBookApplication in 0.954 seconds (JVM running for 927.935)
2021-06-25 19:43:44.512  INFO 4272 --- [restartedMain] com.example.AddressBookApplication       : AddressBook Application is Starting
2021-06-25 19:47:00.250  INFO 4272 --- [restartedMain] com.example.AddressBookApplication       : Starting AddressBookApplication using Java 11.0.9 on Anikeshs-MacBook-Air.local with PID 4272 (/Users/anikesh/Documents/workspace-spring-tool-suite-4-4.10.0.RELEASE/AddressBook/bin/main started by anikesh in /Users/anikesh/Documents/workspace-spring-tool-suite-4-4.10.0.RELEASE/AddressBook)
2021-06-25 19:47:00.250 DEBUG 4272 --- [restartedMain] com.example.AddressBookApplication       : Running with Spring Boot v2.5.1, Spring v5.3.8
2021-06-25 19:47:00.251  INFO 4272 --- [restartedMain] com.example.AddressBookApplication       : The following profiles are active: dev
2021-06-25 19:47:01.100  WARN 4272 --- [restartedMain] JpaBaseConfiguration$JpaWebConfiguration : spring.jpa.open-in-view is enabled by default. Therefore, database queries may be performed during view rendering. Explicitly configure spring.jpa.open-in-view to disable this warning
2021-06-25 19:47:01.247  INFO 4272 --- [restartedMain] com.example.AddressBookApplication       : Started AddressBookApplication in 1.275 seconds (JVM running for 1124.674)
2021-06-25 19:47:01.249  INFO 4272 --- [restartedMain] com.example.AddressBookApplication       : AddressBook Application is Starting
2021-06-25 19:47:36.140  INFO 4272 --- [restartedMain] com.example.AddressBookApplication       : Starting AddressBookApplication using Java 11.0.9 on Anikeshs-MacBook-Air.local with PID 4272 (/Users/anikesh/Documents/workspace-spring-tool-suite-4-4.10.0.RELEASE/AddressBook/bin/main started by anikesh in /Users/anikesh/Documents/workspace-spring-tool-suite-4-4.10.0.RELEASE/AddressBook)
2021-06-25 19:47:36.140 DEBUG 4272 --- [restartedMain] com.example.AddressBookApplication       : Running with Spring Boot v2.5.1, Spring v5.3.8
2021-06-25 19:47:36.140  INFO 4272 --- [restartedMain] com.example.AddressBookApplication       : The following profiles are active: DEV
2021-06-25 19:47:36.754  WARN 4272 --- [restartedMain] JpaBaseConfiguration$JpaWebConfiguration : spring.jpa.open-in-view is enabled by default. Therefore, database queries may be performed during view rendering. Explicitly configure spring.jpa.open-in-view to disable this warning
2021-06-25 19:47:36.959  INFO 4272 --- [restartedMain] com.example.AddressBookApplication       : Started AddressBookApplication in 0.87 seconds (JVM running for 1160.386)
2021-06-25 19:47:36.962  INFO 4272 --- [restartedMain] com.example.AddressBookApplication       : AddressBook Application is Starting
2021-06-25 19:47:51.840  INFO 4272 --- [restartedMain] com.example.AddressBookApplication       : Starting AddressBookApplication using Java 11.0.9 on Anikeshs-MacBook-Air.local with PID 4272 (/Users/anikesh/Documents/workspace-spring-tool-suite-4-4.10.0.RELEASE/AddressBook/bin/main started by anikesh in /Users/anikesh/Documents/workspace-spring-tool-suite-4-4.10.0.RELEASE/AddressBook)
2021-06-25 19:47:51.840 DEBUG 4272 --- [restartedMain] com.example.AddressBookApplication       : Running with Spring Boot v2.5.1, Spring v5.3.8
2021-06-25 19:47:51.840  INFO 4272 --- [restartedMain] com.example.AddressBookApplication       : The following profiles are active: DEV
2021-06-25 19:47:53.035  WARN 4272 --- [restartedMain] JpaBaseConfiguration$JpaWebConfiguration : spring.jpa.open-in-view is enabled by default. Therefore, database queries may be performed during view rendering. Explicitly configure spring.jpa.open-in-view to disable this warning
2021-06-25 19:47:53.290  INFO 4272 --- [restartedMain] com.example.AddressBookApplication       : Started AddressBookApplication in 1.504 seconds (JVM running for 1176.717)
2021-06-25 19:47:53.292  INFO 4272 --- [restartedMain] com.example.AddressBookApplication       : AddressBook Application is Starting
2021-06-25 19:48:10.020  INFO 4272 --- [restartedMain] com.example.AddressBookApplication       : Starting AddressBookApplication using Java 11.0.9 on Anikeshs-MacBook-Air.local with PID 4272 (/Users/anikesh/Documents/workspace-spring-tool-suite-4-4.10.0.RELEASE/AddressBook/bin/main started by anikesh in /Users/anikesh/Documents/workspace-spring-tool-suite-4-4.10.0.RELEASE/AddressBook)
2021-06-25 19:48:10.023 DEBUG 4272 --- [restartedMain] com.example.AddressBookApplication       : Running with Spring Boot v2.5.1, Spring v5.3.8
2021-06-25 19:48:10.023  INFO 4272 --- [restartedMain] com.example.AddressBookApplication       : The following profiles are active: DEV
2021-06-25 19:48:10.776  WARN 4272 --- [restartedMain] JpaBaseConfiguration$JpaWebConfiguration : spring.jpa.open-in-view is enabled by default. Therefore, database queries may be performed during view rendering. Explicitly configure spring.jpa.open-in-view to disable this warning
2021-06-25 19:48:10.976  INFO 4272 --- [restartedMain] com.example.AddressBookApplication       : Started AddressBookApplication in 0.995 seconds (JVM running for 1194.403)
2021-06-25 19:48:10.979  INFO 4272 --- [restartedMain] com.example.AddressBookApplication       : AddressBook Application is Starting
2021-06-25 19:51:42.864  INFO 4272 --- [restartedMain] com.example.AddressBookApplication       : Starting AddressBookApplication using Java 11.0.9 on Anikeshs-MacBook-Air.local with PID 4272 (/Users/anikesh/Documents/workspace-spring-tool-suite-4-4.10.0.RELEASE/AddressBook/bin/main started by anikesh in /Users/anikesh/Documents/workspace-spring-tool-suite-4-4.10.0.RELEASE/AddressBook)
2021-06-25 19:51:42.867 DEBUG 4272 --- [restartedMain] com.example.AddressBookApplication       : Running with Spring Boot v2.5.1, Spring v5.3.8
2021-06-25 19:51:42.867  INFO 4272 --- [restartedMain] com.example.AddressBookApplication       : The following profiles are active: DEV
2021-06-25 19:51:43.819  WARN 4272 --- [restartedMain] JpaBaseConfiguration$JpaWebConfiguration : spring.jpa.open-in-view is enabled by default. Therefore, database queries may be performed during view rendering. Explicitly configure spring.jpa.open-in-view to disable this warning
2021-06-25 19:51:44.024  INFO 4272 --- [restartedMain] com.example.AddressBookApplication       : Started AddressBookApplication in 1.361 seconds (JVM running for 1407.452)
2021-06-25 19:51:44.027  INFO 4272 --- [restartedMain] com.example.AddressBookApplication       : AddressBook Application is Starting  in  DEV Environment
2021-06-25 19:53:03.571  INFO 4272 --- [restartedMain] com.example.AddressBookApplication       : Starting AddressBookApplication using Java 11.0.9 on Anikeshs-MacBook-Air.local with PID 4272 (/Users/anikesh/Documents/workspace-spring-tool-suite-4-4.10.0.RELEASE/AddressBook/bin/main started by anikesh in /Users/anikesh/Documents/workspace-spring-tool-suite-4-4.10.0.RELEASE/AddressBook)
2021-06-25 19:53:03.573 DEBUG 4272 --- [restartedMain] com.example.AddressBookApplication       : Running with Spring Boot v2.5.1, Spring v5.3.8
2021-06-25 19:53:03.574  INFO 4272 --- [restartedMain] com.example.AddressBookApplication       : The following profiles are active: DEV
2021-06-25 19:53:04.666  WARN 4272 --- [restartedMain] JpaBaseConfiguration$JpaWebConfiguration : spring.jpa.open-in-view is enabled by default. Therefore, database queries may be performed during view rendering. Explicitly configure spring.jpa.open-in-view to disable this warning
2021-06-25 19:53:04.853  INFO 4272 --- [restartedMain] com.example.AddressBookApplication       : Started AddressBookApplication in 1.336 seconds (JVM running for 1488.281)
2021-06-25 19:53:04.855  INFO 4272 --- [restartedMain] com.example.AddressBookApplication       : AddressBook Application is Starting  in  DEV Environment
2021-06-25 19:53:28.581  INFO 4272 --- [restartedMain] com.example.AddressBookApplication       : Starting AddressBookApplication using Java 11.0.9 on Anikeshs-MacBook-Air.local with PID 4272 (/Users/anikesh/Documents/workspace-spring-tool-suite-4-4.10.0.RELEASE/AddressBook/bin/main started by anikesh in /Users/anikesh/Documents/workspace-spring-tool-suite-4-4.10.0.RELEASE/AddressBook)
2021-06-25 19:53:28.583 DEBUG 4272 --- [restartedMain] com.example.AddressBookApplication       : Running with Spring Boot v2.5.1, Spring v5.3.8
2021-06-25 19:53:28.584  INFO 4272 --- [restartedMain] com.example.AddressBookApplication       : The following profiles are active: DEV
2021-06-25 19:53:29.195  WARN 4272 --- [restartedMain] JpaBaseConfiguration$JpaWebConfiguration : spring.jpa.open-in-view is enabled by default. Therefore, database queries may be performed during view rendering. Explicitly configure spring.jpa.open-in-view to disable this warning
2021-06-25 19:53:29.328  INFO 4272 --- [restartedMain] com.example.AddressBookApplication       : Started AddressBookApplication in 0.779 seconds (JVM running for 1512.756)
2021-06-25 19:53:29.330  INFO 4272 --- [restartedMain] com.example.AddressBookApplication       : AddressBook Application is Starting  in  DEV Environment
2021-06-25 19:54:49.705  INFO 4272 --- [restartedMain] com.example.AddressBookApplication       : Starting AddressBookApplication using Java 11.0.9 on Anikeshs-MacBook-Air.local with PID 4272 (/Users/anikesh/Documents/workspace-spring-tool-suite-4-4.10.0.RELEASE/AddressBook/bin/main started by anikesh in /Users/anikesh/Documents/workspace-spring-tool-suite-4-4.10.0.RELEASE/AddressBook)
2021-06-25 19:54:49.714 DEBUG 4272 --- [restartedMain] com.example.AddressBookApplication       : Running with Spring Boot v2.5.1, Spring v5.3.8
2021-06-25 19:54:49.715  INFO 4272 --- [restartedMain] com.example.AddressBookApplication       : The following profiles are active: DEV
2021-06-25 19:54:50.321  WARN 4272 --- [restartedMain] JpaBaseConfiguration$JpaWebConfiguration : spring.jpa.open-in-view is enabled by default. Therefore, database queries may be performed during view rendering. Explicitly configure spring.jpa.open-in-view to disable this warning
2021-06-25 19:54:50.444  INFO 4272 --- [restartedMain] com.example.AddressBookApplication       : Started AddressBookApplication in 0.943 seconds (JVM running for 1593.873)
2021-06-25 19:54:50.447  INFO 4272 --- [restartedMain] com.example.AddressBookApplication       : AddressBook Application is Starting  in  DEV Environment
2021-06-25 20:01:38.998  INFO 5276 --- [restartedMain] com.example.AddressBookApplication       : Starting AddressBookApplication using Java 11.0.9 on Anikeshs-MacBook-Air.local with PID 5276 (/Users/anikesh/Documents/workspace-spring-tool-suite-4-4.10.0.RELEASE/AddressBook/bin/main started by anikesh in /Users/anikesh/Documents/workspace-spring-tool-suite-4-4.10.0.RELEASE/AddressBook)
2021-06-25 20:01:39.009 DEBUG 5276 --- [restartedMain] com.example.AddressBookApplication       : Running with Spring Boot v2.5.1, Spring v5.3.8
2021-06-25 20:01:39.010  INFO 5276 --- [restartedMain] com.example.AddressBookApplication       : The following profiles are active: DEV
2021-06-25 20:01:49.893  WARN 5276 --- [restartedMain] JpaBaseConfiguration$JpaWebConfiguration : spring.jpa.open-in-view is enabled by default. Therefore, database queries may be performed during view rendering. Explicitly configure spring.jpa.open-in-view to disable this warning
2021-06-25 20:01:51.268  INFO 5276 --- [restartedMain] com.example.AddressBookApplication       : Started AddressBookApplication in 13.911 seconds (JVM running for 17.797)
2021-06-25 20:01:51.277  INFO 5276 --- [restartedMain] com.example.AddressBookApplication       : AddressBook Application is Starting  in  DEV Environment
2021-06-25 20:05:51.136  INFO 5276 --- [restartedMain] com.example.AddressBookApplication       : Starting AddressBookApplication using Java 11.0.9 on Anikeshs-MacBook-Air.local with PID 5276 (/Users/anikesh/Documents/workspace-spring-tool-suite-4-4.10.0.RELEASE/AddressBook/bin/main started by anikesh in /Users/anikesh/Documents/workspace-spring-tool-suite-4-4.10.0.RELEASE/AddressBook)
2021-06-25 20:05:51.138 DEBUG 5276 --- [restartedMain] com.example.AddressBookApplication       : Running with Spring Boot v2.5.1, Spring v5.3.8
2021-06-25 20:05:51.139  INFO 5276 --- [restartedMain] com.example.AddressBookApplication       : The following profiles are active: dev
2021-06-25 20:05:51.810  WARN 5276 --- [restartedMain] JpaBaseConfiguration$JpaWebConfiguration : spring.jpa.open-in-view is enabled by default. Therefore, database queries may be performed during view rendering. Explicitly configure spring.jpa.open-in-view to disable this warning
2021-06-25 20:05:52.005  INFO 5276 --- [restartedMain] com.example.AddressBookApplication       : Started AddressBookApplication in 0.912 seconds (JVM running for 258.536)
2021-06-25 20:05:52.009  INFO 5276 --- [restartedMain] com.example.AddressBookApplication       : AddressBook Application is Starting  in  DEV Environment
